<?xml version="1.0" encoding="UTF-8"?>
<!-- Generated by org.testng.reporters.JUnitXMLReporter -->
<testsuite ignored="0" hostname="macs-MBP.home" failures="0" tests="2" name="Test" time="0.053" errors="0" timestamp="2024-07-24T23:38:44 CEST">
  <testcase classname="Tests.SignUpTestCases" name="@BeforeTest setUpTest" time="-1.72185712402E9">
    <failure type="org.testng.TestNGException" message="
Can inject only one of &amp;lt;ITestContext, XmlTest&amp;gt; into a @BeforeTest annotated setUpTest.
For more information on native dependency injection please refer to https://testng.org/#_dependency_injection">
      <![CDATA[org.testng.TestNGException: 
Can inject only one of <ITestContext, XmlTest> into a @BeforeTest annotated setUpTest.
For more information on native dependency injection please refer to https://testng.org/#_dependency_injection
... Removed 21 stack frames]]>
    </failure>
  </testcase> <!-- @BeforeTest setUpTest -->
  <testcase classname="Tests.SignUpTestCases" name="@AfterTest tearDownTest" time="0.0">
    <skipped/>
  </testcase> <!-- @AfterTest tearDownTest -->
  <testcase classname="Tests.SignUpTestCases" name="signUpWithExistingCreds" time="0.001">
    <skipped/>
  </testcase> <!-- signUpWithExistingCreds -->
  <testcase classname="Tests.SignUpTestCases" name="signUpWithValidInput" time="0.0">
    <skipped/>
  </testcase> <!-- signUpWithValidInput -->
</testsuite> <!-- Test -->
