<?xml version="1.0" encoding="UTF-8"?>
<!-- Generated by org.testng.reporters.JUnitXMLReporter -->
<testsuite ignored="0" hostname="Javerias-Mac.local" failures="0" tests="3" name="Default test" time="20.288" errors="0" timestamp="2024-10-11T16:43:00 PKT">
  <testcase classname="Tests.LoginTest" name="testEmptyFields" time="0.517"/>
  <testcase classname="Tests.LoginTest" name="testInvalidEmail" time="1.515"/>
  <testcase classname="Tests.LoginTest" name="testLogin" time="5.534"/>
</testsuite> <!-- Default test -->
