<?xml version="1.0" encoding="UTF-8"?>
<testng-results ignored="0" total="3" passed="3" failed="0" skipped="0">
  <reporter-output>
  </reporter-output>
  <suite started-at="2024-10-11T16:42:40 PKT" name="Default suite" finished-at="2024-10-11T16:43:00 PKT" duration-ms="20288">
    <groups>
    </groups>
    <test started-at="2024-10-11T16:42:40 PKT" name="Default test" finished-at="2024-10-11T16:43:00 PKT" duration-ms="20288">
      <class name="Tests.LoginTest">
        <test-method is-config="true" signature="setUp()[pri:0, instance:Tests.LoginTest@130d63be]" started-at="2024-10-11T16:42:40 PKT" name="setUp" finished-at="2024-10-11T16:42:47 PKT" duration-ms="7217" status="PASS">
          <reporter-output>
          </reporter-output>
        </test-method> <!-- setUp -->
        <test-method is-config="true" signature="beforeMethod()[pri:0, instance:Tests.LoginTest@130d63be]" started-at="2024-10-11T16:42:47 PKT" name="beforeMethod" finished-at="2024-10-11T16:42:49 PKT" duration-ms="1656" status="PASS">
          <reporter-output>
          </reporter-output>
        </test-method> <!-- beforeMethod -->
        <test-method signature="testEmptyFields()[pri:0, instance:Tests.LoginTest@130d63be]" started-at="2024-10-11T16:42:49 PKT" name="testEmptyFields" finished-at="2024-10-11T16:42:49 PKT" duration-ms="517" status="PASS">
          <reporter-output>
          </reporter-output>
        </test-method> <!-- testEmptyFields -->
        <test-method is-config="true" signature="tearDownMethod()[pri:0, instance:Tests.LoginTest@130d63be]" started-at="2024-10-11T16:42:49 PKT" name="tearDownMethod" finished-at="2024-10-11T16:42:49 PKT" duration-ms="1" status="PASS">
          <reporter-output>
          </reporter-output>
        </test-method> <!-- tearDownMethod -->
        <test-method is-config="true" signature="beforeMethod()[pri:0, instance:Tests.LoginTest@130d63be]" started-at="2024-10-11T16:42:49 PKT" name="beforeMethod" finished-at="2024-10-11T16:42:51 PKT" duration-ms="1437" status="PASS">
          <reporter-output>
          </reporter-output>
        </test-method> <!-- beforeMethod -->
        <test-method signature="testInvalidEmail()[pri:0, instance:Tests.LoginTest@130d63be]" started-at="2024-10-11T16:42:51 PKT" name="testInvalidEmail" finished-at="2024-10-11T16:42:52 PKT" duration-ms="1515" status="PASS">
          <reporter-output>
          </reporter-output>
        </test-method> <!-- testInvalidEmail -->
        <test-method is-config="true" signature="tearDownMethod()[pri:0, instance:Tests.LoginTest@130d63be]" started-at="2024-10-11T16:42:52 PKT" name="tearDownMethod" finished-at="2024-10-11T16:42:52 PKT" duration-ms="1" status="PASS">
          <reporter-output>
          </reporter-output>
        </test-method> <!-- tearDownMethod -->
        <test-method is-config="true" signature="beforeMethod()[pri:0, instance:Tests.LoginTest@130d63be]" started-at="2024-10-11T16:42:52 PKT" name="beforeMethod" finished-at="2024-10-11T16:42:54 PKT" duration-ms="1737" status="PASS">
          <reporter-output>
          </reporter-output>
        </test-method> <!-- beforeMethod -->
        <test-method signature="testLogin()[pri:0, instance:Tests.LoginTest@130d63be]" started-at="2024-10-11T16:42:54 PKT" name="testLogin" finished-at="2024-10-11T16:42:59 PKT" duration-ms="5534" status="PASS">
          <reporter-output>
          </reporter-output>
        </test-method> <!-- testLogin -->
        <test-method is-config="true" signature="tearDownMethod()[pri:0, instance:Tests.LoginTest@130d63be]" started-at="2024-10-11T16:42:59 PKT" name="tearDownMethod" finished-at="2024-10-11T16:42:59 PKT" duration-ms="1" status="PASS">
          <reporter-output>
          </reporter-output>
        </test-method> <!-- tearDownMethod -->
        <test-method is-config="true" signature="tearDown()[pri:0, instance:Tests.LoginTest@130d63be]" started-at="2024-10-11T16:42:59 PKT" name="tearDown" finished-at="2024-10-11T16:43:00 PKT" duration-ms="628" status="PASS">
          <reporter-output>
          </reporter-output>
        </test-method> <!-- tearDown -->
      </class> <!-- Tests.LoginTest -->
    </test> <!-- Default test -->
  </suite> <!-- Default suite -->
</testng-results>
